<?xml version="1.0" encoding="UTF-8"?>
<coverage generated="1764431861918" clover="3.2.0">
  <project timestamp="1764431861919" name="All files">
    <metrics statements="70" coveredstatements="70" conditionals="20" coveredconditionals="18" methods="40" coveredmethods="40" elements="130" coveredelements="128" complexity="0" loc="70" ncloc="70" packages="1" files="1" classes="1"/>
    <file name="gameStore.ts" path="F:\GitHub\vibe-idle-bricks3d\src\store\gameStore.ts">
      <metrics statements="70" coveredstatements="70" conditionals="20" coveredconditionals="18" methods="40" coveredmethods="40"/>
      <line num="72" count="2" type="stmt"/>
      <line num="82" count="2" type="stmt"/>
      <line num="84" count="10152" type="stmt"/>
      <line num="85" count="154" type="stmt"/>
      <line num="87" count="2" type="stmt"/>
      <line num="88" count="141" type="stmt"/>
      <line num="89" count="141" type="stmt"/>
      <line num="90" count="141" type="stmt"/>
      <line num="91" count="141" type="stmt"/>
      <line num="92" count="141" type="stmt"/>
      <line num="94" count="141" type="stmt"/>
      <line num="95" count="423" type="stmt"/>
      <line num="96" count="1692" type="stmt"/>
      <line num="97" count="10152" type="stmt"/>
      <line num="98" count="10152" type="stmt"/>
      <line num="114" count="141" type="stmt"/>
      <line num="117" count="2" type="stmt"/>
      <line num="118" count="154" type="stmt"/>
      <line num="119" count="154" type="stmt"/>
      <line num="121" count="154" type="stmt"/>
      <line num="135" count="2" type="stmt"/>
      <line num="154" count="110" type="stmt"/>
      <line num="159" count="9" type="stmt"/>
      <line num="164" count="5" type="stmt"/>
      <line num="165" count="7" type="stmt"/>
      <line num="169" count="6" type="stmt"/>
      <line num="170" count="6" type="cond" truecount="2" falsecount="0"/>
      <line num="174" count="4" type="stmt"/>
      <line num="175" count="4" type="cond" truecount="1" falsecount="1"/>
      <line num="179" count="86" type="stmt"/>
      <line num="180" count="181" type="stmt"/>
      <line num="181" count="86" type="cond" truecount="2" falsecount="0"/>
      <line num="183" count="85" type="stmt"/>
      <line num="185" count="85" type="cond" truecount="2" falsecount="0"/>
      <line num="186" count="81" type="stmt"/>
      <line num="187" count="3272" type="stmt"/>
      <line num="193" count="4" type="stmt"/>
      <line num="194" count="288" type="cond" truecount="2" falsecount="0"/>
      <line num="199" count="147" type="stmt"/>
      <line num="200" count="5472" type="stmt"/>
      <line num="204" count="7" type="stmt"/>
      <line num="209" count="9" type="stmt"/>
      <line num="215" count="26" type="stmt"/>
      <line num="216" count="26" type="stmt"/>
      <line num="220" count="13" type="stmt"/>
      <line num="221" count="13" type="stmt"/>
      <line num="222" count="13" type="stmt"/>
      <line num="226" count="19" type="stmt"/>
      <line num="227" count="19" type="stmt"/>
      <line num="232" count="14" type="stmt"/>
      <line num="233" count="14" type="stmt"/>
      <line num="234" count="14" type="cond" truecount="2" falsecount="0"/>
      <line num="235" count="12" type="stmt"/>
      <line num="238" count="13" type="stmt"/>
      <line num="244" count="2" type="stmt"/>
      <line num="248" count="9" type="stmt"/>
      <line num="249" count="9" type="stmt"/>
      <line num="250" count="9" type="cond" truecount="2" falsecount="0"/>
      <line num="251" count="8" type="stmt"/>
      <line num="252" count="8" type="stmt"/>
      <line num="256" count="8" type="stmt"/>
      <line num="259" count="8" type="cond" truecount="1" falsecount="1"/>
      <line num="260" count="8" type="stmt"/>
      <line num="271" count="1" type="stmt"/>
      <line num="275" count="14" type="stmt"/>
      <line num="276" count="14" type="stmt"/>
      <line num="277" count="14" type="cond" truecount="4" falsecount="0"/>
      <line num="278" count="12" type="stmt"/>
      <line num="279" count="12" type="stmt"/>
      <line num="285" count="2" type="stmt"/>
    </file>
  </project>
</coverage>
