{"F:\\GitHub\\vibe-idle-bricks3d\\src\\store\\gameStore.ts": {"path":"F:\\GitHub\\vibe-idle-bricks3d\\src\\store\\gameStore.ts","statementMap":{"0":{"start":{"line":72,"column":21},"end":{"line":81,"column":null}},"1":{"start":{"line":82,"column":19},"end":{"line":82,"column":null}},"2":{"start":{"line":84,"column":24},"end":{"line":84,"column":null}},"3":{"start":{"line":84,"column":30},"end":{"line":84,"column":null}},"4":{"start":{"line":85,"column":23},"end":{"line":85,"column":null}},"5":{"start":{"line":85,"column":29},"end":{"line":85,"column":null}},"6":{"start":{"line":87,"column":28},"end":{"line":115,"column":null}},"7":{"start":{"line":88,"column":26},"end":{"line":88,"column":null}},"8":{"start":{"line":89,"column":15},"end":{"line":89,"column":null}},"9":{"start":{"line":90,"column":15},"end":{"line":90,"column":null}},"10":{"start":{"line":91,"column":17},"end":{"line":91,"column":null}},"11":{"start":{"line":92,"column":18},"end":{"line":92,"column":null}},"12":{"start":{"line":94,"column":2},"end":{"line":112,"column":null}},"13":{"start":{"line":94,"column":19},"end":{"line":94,"column":22}},"14":{"start":{"line":95,"column":4},"end":{"line":111,"column":null}},"15":{"start":{"line":95,"column":19},"end":{"line":95,"column":22}},"16":{"start":{"line":96,"column":6},"end":{"line":110,"column":null}},"17":{"start":{"line":96,"column":21},"end":{"line":96,"column":24}},"18":{"start":{"line":97,"column":14},"end":{"line":97,"column":null}},"19":{"start":{"line":98,"column":8},"end":{"line":109,"column":null}},"20":{"start":{"line":114,"column":2},"end":{"line":114,"column":null}},"21":{"start":{"line":117,"column":26},"end":{"line":133,"column":null}},"22":{"start":{"line":118,"column":16},"end":{"line":118,"column":null}},"23":{"start":{"line":119,"column":8},"end":{"line":119,"column":null}},"24":{"start":{"line":121,"column":2},"end":{"line":132,"column":null}},"25":{"start":{"line":135,"column":13},"end":{"line":287,"column":null}},"26":{"start":{"line":135,"column":61},"end":{"line":287,"column":2}},"27":{"start":{"line":154,"column":4},"end":{"line":156,"column":null}},"28":{"start":{"line":154,"column":20},"end":{"line":156,"column":6}},"29":{"start":{"line":159,"column":4},"end":{"line":161,"column":null}},"30":{"start":{"line":159,"column":20},"end":{"line":161,"column":6}},"31":{"start":{"line":164,"column":4},"end":{"line":166,"column":null}},"32":{"start":{"line":164,"column":20},"end":{"line":166,"column":6}},"33":{"start":{"line":165,"column":42},"end":{"line":165,"column":56}},"34":{"start":{"line":169,"column":4},"end":{"line":171,"column":null}},"35":{"start":{"line":169,"column":20},"end":{"line":171,"column":6}},"36":{"start":{"line":170,"column":40},"end":{"line":170,"column":86}},"37":{"start":{"line":174,"column":4},"end":{"line":176,"column":null}},"38":{"start":{"line":174,"column":20},"end":{"line":176,"column":6}},"39":{"start":{"line":175,"column":40},"end":{"line":175,"column":86}},"40":{"start":{"line":179,"column":4},"end":{"line":196,"column":null}},"41":{"start":{"line":180,"column":20},"end":{"line":180,"column":null}},"42":{"start":{"line":180,"column":45},"end":{"line":180,"column":56}},"43":{"start":{"line":181,"column":6},"end":{"line":181,"column":null}},"44":{"start":{"line":181,"column":18},"end":{"line":181,"column":null}},"45":{"start":{"line":183,"column":24},"end":{"line":183,"column":null}},"46":{"start":{"line":185,"column":6},"end":{"line":191,"column":null}},"47":{"start":{"line":186,"column":8},"end":{"line":190,"column":null}},"48":{"start":{"line":187,"column":45},"end":{"line":187,"column":56}},"49":{"start":{"line":193,"column":6},"end":{"line":195,"column":null}},"50":{"start":{"line":194,"column":41},"end":{"line":194,"column":87}},"51":{"start":{"line":199,"column":4},"end":{"line":201,"column":null}},"52":{"start":{"line":199,"column":20},"end":{"line":201,"column":6}},"53":{"start":{"line":200,"column":45},"end":{"line":200,"column":60}},"54":{"start":{"line":204,"column":4},"end":{"line":206,"column":null}},"55":{"start":{"line":209,"column":4},"end":{"line":211,"column":null}},"56":{"start":{"line":209,"column":20},"end":{"line":211,"column":6}},"57":{"start":{"line":215,"column":27},"end":{"line":215,"column":null}},"58":{"start":{"line":216,"column":4},"end":{"line":216,"column":null}},"59":{"start":{"line":220,"column":26},"end":{"line":220,"column":null}},"60":{"start":{"line":221,"column":18},"end":{"line":221,"column":null}},"61":{"start":{"line":222,"column":4},"end":{"line":222,"column":null}},"62":{"start":{"line":226,"column":26},"end":{"line":226,"column":null}},"63":{"start":{"line":227,"column":4},"end":{"line":227,"column":null}},"64":{"start":{"line":232,"column":4},"end":{"line":245,"column":null}},"65":{"start":{"line":233,"column":19},"end":{"line":233,"column":null}},"66":{"start":{"line":234,"column":6},"end":{"line":243,"column":null}},"67":{"start":{"line":235,"column":8},"end":{"line":242,"column":null}},"68":{"start":{"line":238,"column":44},"end":{"line":241,"column":12}},"69":{"start":{"line":244,"column":6},"end":{"line":244,"column":null}},"70":{"start":{"line":248,"column":4},"end":{"line":272,"column":null}},"71":{"start":{"line":249,"column":19},"end":{"line":249,"column":null}},"72":{"start":{"line":250,"column":6},"end":{"line":270,"column":null}},"73":{"start":{"line":251,"column":25},"end":{"line":251,"column":null}},"74":{"start":{"line":252,"column":8},"end":{"line":269,"column":null}},"75":{"start":{"line":256,"column":33},"end":{"line":258,"column":null}},"76":{"start":{"line":259,"column":26},"end":{"line":259,"column":null}},"77":{"start":{"line":260,"column":12},"end":{"line":267,"column":null}},"78":{"start":{"line":271,"column":6},"end":{"line":271,"column":null}},"79":{"start":{"line":275,"column":4},"end":{"line":286,"column":null}},"80":{"start":{"line":276,"column":19},"end":{"line":276,"column":null}},"81":{"start":{"line":277,"column":6},"end":{"line":284,"column":null}},"82":{"start":{"line":278,"column":24},"end":{"line":278,"column":null}},"83":{"start":{"line":279,"column":8},"end":{"line":283,"column":null}},"84":{"start":{"line":285,"column":6},"end":{"line":285,"column":null}}},"fnMap":{"0":{"name":"(anonymous_0)","decl":{"start":{"line":84,"column":24},"end":{"line":84,"column":30}},"loc":{"start":{"line":84,"column":30},"end":{"line":84,"column":null}},"line":84},"1":{"name":"(anonymous_1)","decl":{"start":{"line":85,"column":23},"end":{"line":85,"column":29}},"loc":{"start":{"line":85,"column":29},"end":{"line":85,"column":null}},"line":85},"2":{"name":"(anonymous_2)","decl":{"start":{"line":87,"column":28},"end":{"line":87,"column":43}},"loc":{"start":{"line":87,"column":43},"end":{"line":115,"column":null}},"line":87},"3":{"name":"(anonymous_3)","decl":{"start":{"line":117,"column":26},"end":{"line":117,"column":27}},"loc":{"start":{"line":117,"column":67},"end":{"line":133,"column":null}},"line":117},"4":{"name":"(anonymous_4)","decl":{"start":{"line":135,"column":46},"end":{"line":135,"column":47}},"loc":{"start":{"line":135,"column":61},"end":{"line":287,"column":2}},"line":135},"5":{"name":"(anonymous_5)","decl":{"start":{"line":153,"column":12},"end":{"line":153,"column":13}},"loc":{"start":{"line":154,"column":4},"end":{"line":156,"column":null}},"line":154},"6":{"name":"(anonymous_6)","decl":{"start":{"line":154,"column":8},"end":{"line":154,"column":9}},"loc":{"start":{"line":154,"column":20},"end":{"line":156,"column":6}},"line":154},"7":{"name":"(anonymous_7)","decl":{"start":{"line":158,"column":13},"end":{"line":158,"column":null}},"loc":{"start":{"line":159,"column":4},"end":{"line":161,"column":null}},"line":159},"8":{"name":"(anonymous_8)","decl":{"start":{"line":159,"column":8},"end":{"line":159,"column":9}},"loc":{"start":{"line":159,"column":20},"end":{"line":161,"column":6}},"line":159},"9":{"name":"(anonymous_9)","decl":{"start":{"line":163,"column":14},"end":{"line":163,"column":15}},"loc":{"start":{"line":164,"column":4},"end":{"line":166,"column":null}},"line":164},"10":{"name":"(anonymous_10)","decl":{"start":{"line":164,"column":8},"end":{"line":164,"column":9}},"loc":{"start":{"line":164,"column":20},"end":{"line":166,"column":6}},"line":164},"11":{"name":"(anonymous_11)","decl":{"start":{"line":165,"column":32},"end":{"line":165,"column":33}},"loc":{"start":{"line":165,"column":42},"end":{"line":165,"column":56}},"line":165},"12":{"name":"(anonymous_12)","decl":{"start":{"line":168,"column":22},"end":{"line":168,"column":23}},"loc":{"start":{"line":169,"column":4},"end":{"line":171,"column":null}},"line":169},"13":{"name":"(anonymous_13)","decl":{"start":{"line":169,"column":8},"end":{"line":169,"column":9}},"loc":{"start":{"line":169,"column":20},"end":{"line":171,"column":6}},"line":169},"14":{"name":"(anonymous_14)","decl":{"start":{"line":170,"column":29},"end":{"line":170,"column":30}},"loc":{"start":{"line":170,"column":40},"end":{"line":170,"column":86}},"line":170},"15":{"name":"(anonymous_15)","decl":{"start":{"line":173,"column":22},"end":{"line":173,"column":23}},"loc":{"start":{"line":174,"column":4},"end":{"line":176,"column":null}},"line":174},"16":{"name":"(anonymous_16)","decl":{"start":{"line":174,"column":8},"end":{"line":174,"column":9}},"loc":{"start":{"line":174,"column":20},"end":{"line":176,"column":6}},"line":174},"17":{"name":"(anonymous_17)","decl":{"start":{"line":175,"column":29},"end":{"line":175,"column":30}},"loc":{"start":{"line":175,"column":40},"end":{"line":175,"column":86}},"line":175},"18":{"name":"(anonymous_18)","decl":{"start":{"line":178,"column":15},"end":{"line":178,"column":16}},"loc":{"start":{"line":179,"column":4},"end":{"line":196,"column":null}},"line":179},"19":{"name":"(anonymous_19)","decl":{"start":{"line":179,"column":8},"end":{"line":179,"column":9}},"loc":{"start":{"line":179,"column":19},"end":{"line":196,"column":5}},"line":179},"20":{"name":"(anonymous_20)","decl":{"start":{"line":180,"column":38},"end":{"line":180,"column":39}},"loc":{"start":{"line":180,"column":45},"end":{"line":180,"column":56}},"line":180},"21":{"name":"(anonymous_21)","decl":{"start":{"line":187,"column":38},"end":{"line":187,"column":39}},"loc":{"start":{"line":187,"column":45},"end":{"line":187,"column":56}},"line":187},"22":{"name":"(anonymous_22)","decl":{"start":{"line":194,"column":33},"end":{"line":194,"column":34}},"loc":{"start":{"line":194,"column":41},"end":{"line":194,"column":87}},"line":194},"23":{"name":"(anonymous_23)","decl":{"start":{"line":198,"column":15},"end":{"line":198,"column":16}},"loc":{"start":{"line":199,"column":4},"end":{"line":201,"column":null}},"line":199},"24":{"name":"(anonymous_24)","decl":{"start":{"line":199,"column":8},"end":{"line":199,"column":9}},"loc":{"start":{"line":199,"column":20},"end":{"line":201,"column":6}},"line":199},"25":{"name":"(anonymous_25)","decl":{"start":{"line":200,"column":34},"end":{"line":200,"column":35}},"loc":{"start":{"line":200,"column":45},"end":{"line":200,"column":60}},"line":200},"26":{"name":"(anonymous_26)","decl":{"start":{"line":203,"column":20},"end":{"line":203,"column":null}},"loc":{"start":{"line":204,"column":4},"end":{"line":206,"column":null}},"line":204},"27":{"name":"(anonymous_27)","decl":{"start":{"line":208,"column":15},"end":{"line":208,"column":null}},"loc":{"start":{"line":209,"column":4},"end":{"line":211,"column":null}},"line":209},"28":{"name":"(anonymous_28)","decl":{"start":{"line":209,"column":8},"end":{"line":209,"column":9}},"loc":{"start":{"line":209,"column":20},"end":{"line":211,"column":6}},"line":209},"29":{"name":"(anonymous_29)","decl":{"start":{"line":214,"column":21},"end":{"line":214,"column":27}},"loc":{"start":{"line":214,"column":27},"end":{"line":217,"column":null}},"line":214},"30":{"name":"(anonymous_30)","decl":{"start":{"line":219,"column":20},"end":{"line":219,"column":26}},"loc":{"start":{"line":219,"column":26},"end":{"line":223,"column":null}},"line":219},"31":{"name":"(anonymous_31)","decl":{"start":{"line":225,"column":20},"end":{"line":225,"column":26}},"loc":{"start":{"line":225,"column":26},"end":{"line":228,"column":null}},"line":225},"32":{"name":"(anonymous_32)","decl":{"start":{"line":231,"column":21},"end":{"line":231,"column":null}},"loc":{"start":{"line":232,"column":4},"end":{"line":245,"column":null}},"line":232},"33":{"name":"(anonymous_33)","decl":{"start":{"line":232,"column":8},"end":{"line":232,"column":9}},"loc":{"start":{"line":232,"column":19},"end":{"line":245,"column":5}},"line":232},"34":{"name":"(anonymous_34)","decl":{"start":{"line":238,"column":33},"end":{"line":238,"column":34}},"loc":{"start":{"line":238,"column":44},"end":{"line":241,"column":12}},"line":238},"35":{"name":"(anonymous_35)","decl":{"start":{"line":247,"column":20},"end":{"line":247,"column":null}},"loc":{"start":{"line":248,"column":4},"end":{"line":272,"column":null}},"line":248},"36":{"name":"(anonymous_36)","decl":{"start":{"line":248,"column":8},"end":{"line":248,"column":9}},"loc":{"start":{"line":248,"column":19},"end":{"line":272,"column":5}},"line":248},"37":{"name":"(anonymous_37)","decl":{"start":{"line":255,"column":33},"end":{"line":255,"column":34}},"loc":{"start":{"line":255,"column":43},"end":{"line":268,"column":11}},"line":255},"38":{"name":"(anonymous_38)","decl":{"start":{"line":274,"column":20},"end":{"line":274,"column":null}},"loc":{"start":{"line":275,"column":4},"end":{"line":286,"column":null}},"line":275},"39":{"name":"(anonymous_39)","decl":{"start":{"line":275,"column":8},"end":{"line":275,"column":9}},"loc":{"start":{"line":275,"column":19},"end":{"line":286,"column":5}},"line":275}},"branchMap":{"0":{"loc":{"start":{"line":170,"column":40},"end":{"line":170,"column":86}},"type":"cond-expr","locations":[{"start":{"line":170,"column":57},"end":{"line":170,"column":81}},{"start":{"line":170,"column":81},"end":{"line":170,"column":86}}],"line":170},"1":{"loc":{"start":{"line":175,"column":40},"end":{"line":175,"column":86}},"type":"cond-expr","locations":[{"start":{"line":175,"column":57},"end":{"line":175,"column":81}},{"start":{"line":175,"column":81},"end":{"line":175,"column":86}}],"line":175},"2":{"loc":{"start":{"line":181,"column":6},"end":{"line":181,"column":null}},"type":"if","locations":[{"start":{"line":181,"column":6},"end":{"line":181,"column":null}},{"start":{},"end":{}}],"line":181},"3":{"loc":{"start":{"line":185,"column":6},"end":{"line":191,"column":null}},"type":"if","locations":[{"start":{"line":185,"column":6},"end":{"line":191,"column":null}},{"start":{},"end":{}}],"line":185},"4":{"loc":{"start":{"line":194,"column":41},"end":{"line":194,"column":87}},"type":"cond-expr","locations":[{"start":{"line":194,"column":55},"end":{"line":194,"column":85}},{"start":{"line":194,"column":85},"end":{"line":194,"column":87}}],"line":194},"5":{"loc":{"start":{"line":234,"column":6},"end":{"line":243,"column":null}},"type":"if","locations":[{"start":{"line":234,"column":6},"end":{"line":243,"column":null}},{"start":{},"end":{}}],"line":234},"6":{"loc":{"start":{"line":250,"column":6},"end":{"line":270,"column":null}},"type":"if","locations":[{"start":{"line":250,"column":6},"end":{"line":270,"column":null}},{"start":{},"end":{}}],"line":250},"7":{"loc":{"start":{"line":259,"column":26},"end":{"line":259,"column":null}},"type":"cond-expr","locations":[{"start":{"line":259,"column":45},"end":{"line":259,"column":71}},{"start":{"line":259,"column":71},"end":{"line":259,"column":null}}],"line":259},"8":{"loc":{"start":{"line":277,"column":6},"end":{"line":284,"column":null}},"type":"if","locations":[{"start":{"line":277,"column":6},"end":{"line":284,"column":null}},{"start":{},"end":{}}],"line":277},"9":{"loc":{"start":{"line":277,"column":10},"end":{"line":277,"column":55}},"type":"binary-expr","locations":[{"start":{"line":277,"column":10},"end":{"line":277,"column":33}},{"start":{"line":277,"column":33},"end":{"line":277,"column":55}}],"line":277}},"s":{"0":2,"1":2,"2":2,"3":10152,"4":2,"5":154,"6":2,"7":141,"8":141,"9":141,"10":141,"11":141,"12":141,"13":141,"14":423,"15":423,"16":1692,"17":1692,"18":10152,"19":10152,"20":141,"21":2,"22":154,"23":154,"24":154,"25":2,"26":2,"27":110,"28":110,"29":9,"30":9,"31":5,"32":5,"33":7,"34":6,"35":6,"36":6,"37":4,"38":4,"39":4,"40":86,"41":86,"42":181,"43":86,"44":1,"45":85,"46":85,"47":81,"48":3272,"49":4,"50":288,"51":147,"52":147,"53":5472,"54":7,"55":9,"56":9,"57":26,"58":26,"59":13,"60":13,"61":13,"62":19,"63":19,"64":14,"65":14,"66":14,"67":12,"68":13,"69":2,"70":9,"71":9,"72":9,"73":8,"74":8,"75":8,"76":8,"77":8,"78":1,"79":14,"80":14,"81":14,"82":12,"83":12,"84":2},"f":{"0":10152,"1":154,"2":141,"3":154,"4":2,"5":110,"6":110,"7":9,"8":9,"9":5,"10":5,"11":7,"12":6,"13":6,"14":6,"15":4,"16":4,"17":4,"18":86,"19":86,"20":181,"21":3272,"22":288,"23":147,"24":147,"25":5472,"26":7,"27":9,"28":9,"29":26,"30":13,"31":19,"32":14,"33":14,"34":13,"35":9,"36":9,"37":8,"38":14,"39":14},"b":{"0":[5,1],"1":[4,0],"2":[1,85],"3":[81,4],"4":[4,284],"5":[12,2],"6":[8,1],"7":[8,0],"8":[12,2],"9":[14,12]},"meta":{"lastBranch":10,"lastFunction":40,"lastStatement":85,"seen":{"s:72:21:81:Infinity":0,"s:82:19:82:Infinity":1,"s:84:24:84:Infinity":2,"f:84:24:84:30":0,"s:84:30:84:Infinity":3,"s:85:23:85:Infinity":4,"f:85:23:85:29":1,"s:85:29:85:Infinity":5,"s:87:28:115:Infinity":6,"f:87:28:87:43":2,"s:88:26:88:Infinity":7,"s:89:15:89:Infinity":8,"s:90:15:90:Infinity":9,"s:91:17:91:Infinity":10,"s:92:18:92:Infinity":11,"s:94:2:112:Infinity":12,"s:94:19:94:22":13,"s:95:4:111:Infinity":14,"s:95:19:95:22":15,"s:96:6:110:Infinity":16,"s:96:21:96:24":17,"s:97:14:97:Infinity":18,"s:98:8:109:Infinity":19,"s:114:2:114:Infinity":20,"s:117:26:133:Infinity":21,"f:117:26:117:27":3,"s:118:16:118:Infinity":22,"s:119:8:119:Infinity":23,"s:121:2:132:Infinity":24,"s:135:13:287:Infinity":25,"f:135:46:135:47":4,"s:135:61:287:2":26,"f:153:12:153:13":5,"s:154:4:156:Infinity":27,"f:154:8:154:9":6,"s:154:20:156:6":28,"f:158:13:158:Infinity":7,"s:159:4:161:Infinity":29,"f:159:8:159:9":8,"s:159:20:161:6":30,"f:163:14:163:15":9,"s:164:4:166:Infinity":31,"f:164:8:164:9":10,"s:164:20:166:6":32,"f:165:32:165:33":11,"s:165:42:165:56":33,"f:168:22:168:23":12,"s:169:4:171:Infinity":34,"f:169:8:169:9":13,"s:169:20:171:6":35,"f:170:29:170:30":14,"s:170:40:170:86":36,"b:170:57:170:81:170:81:170:86":0,"f:173:22:173:23":15,"s:174:4:176:Infinity":37,"f:174:8:174:9":16,"s:174:20:176:6":38,"f:175:29:175:30":17,"s:175:40:175:86":39,"b:175:57:175:81:175:81:175:86":1,"f:178:15:178:16":18,"s:179:4:196:Infinity":40,"f:179:8:179:9":19,"s:180:20:180:Infinity":41,"f:180:38:180:39":20,"s:180:45:180:56":42,"b:181:6:181:Infinity:undefined:undefined:undefined:undefined":2,"s:181:6:181:Infinity":43,"s:181:18:181:Infinity":44,"s:183:24:183:Infinity":45,"b:185:6:191:Infinity:undefined:undefined:undefined:undefined":3,"s:185:6:191:Infinity":46,"s:186:8:190:Infinity":47,"f:187:38:187:39":21,"s:187:45:187:56":48,"s:193:6:195:Infinity":49,"f:194:33:194:34":22,"s:194:41:194:87":50,"b:194:55:194:85:194:85:194:87":4,"f:198:15:198:16":23,"s:199:4:201:Infinity":51,"f:199:8:199:9":24,"s:199:20:201:6":52,"f:200:34:200:35":25,"s:200:45:200:60":53,"f:203:20:203:Infinity":26,"s:204:4:206:Infinity":54,"f:208:15:208:Infinity":27,"s:209:4:211:Infinity":55,"f:209:8:209:9":28,"s:209:20:211:6":56,"f:214:21:214:27":29,"s:215:27:215:Infinity":57,"s:216:4:216:Infinity":58,"f:219:20:219:26":30,"s:220:26:220:Infinity":59,"s:221:18:221:Infinity":60,"s:222:4:222:Infinity":61,"f:225:20:225:26":31,"s:226:26:226:Infinity":62,"s:227:4:227:Infinity":63,"f:231:21:231:Infinity":32,"s:232:4:245:Infinity":64,"f:232:8:232:9":33,"s:233:19:233:Infinity":65,"b:234:6:243:Infinity:undefined:undefined:undefined:undefined":5,"s:234:6:243:Infinity":66,"s:235:8:242:Infinity":67,"f:238:33:238:34":34,"s:238:44:241:12":68,"s:244:6:244:Infinity":69,"f:247:20:247:Infinity":35,"s:248:4:272:Infinity":70,"f:248:8:248:9":36,"s:249:19:249:Infinity":71,"b:250:6:270:Infinity:undefined:undefined:undefined:undefined":6,"s:250:6:270:Infinity":72,"s:251:25:251:Infinity":73,"s:252:8:269:Infinity":74,"f:255:33:255:34":37,"s:256:33:258:Infinity":75,"s:259:26:259:Infinity":76,"b:259:45:259:71:259:71:259:Infinity":7,"s:260:12:267:Infinity":77,"s:271:6:271:Infinity":78,"f:274:20:274:Infinity":38,"s:275:4:286:Infinity":79,"f:275:8:275:9":39,"s:276:19:276:Infinity":80,"b:277:6:284:Infinity:undefined:undefined:undefined:undefined":8,"s:277:6:284:Infinity":81,"b:277:10:277:33:277:33:277:55":9,"s:278:24:278:Infinity":82,"s:279:8:283:Infinity":83,"s:285:6:285:Infinity":84}}}
}
